MPJ Express (0.44) is started in the multicore configuration
Time Taken To Execute: 552769 ms
##########UnSorted OutPut###########
C1: 8374
B1: 16384
C2: 139308
D3: 13305
A1: 2546
B2: 78693
C3: 52749
D4: 14555
A2: 4159
B3: 26209
C4: 19450
D5: 3153
A3: 5024
B4: 5445
C5: 4026
A4: 309
###########Sorted OutPut###############
C2: 139308
B2: 78693
C3: 52749
B3: 26209
C4: 19450
B1: 16384
D4: 14555
D3: 13305
C1: 8374
B4: 5445
A3: 5024
A2: 4159
C5: 4026
D5: 3153
A1: 2546
A4: 309
############Sorted Output by Row############
C-Row: 223907
B-Row: 126731
D-Row: 31013
A-Row: 12038
######## Sorted Output by Column'
Column 2: 222160
Column 3: 97287
Column 4: 39759
Column 1: 27304
Column 5: 7179
